2026-06-09 13:07:11 [ERROR]: API Error: Template not found
Error: Template not found
    at ApiError.badRequest (/app/dist/common/errors/ApiError.js:18:16)
    at Object.sendTemplatedEmail (/app/dist/modules/notifications/notifications.service.js:167:39)
    at Object.register (/app/dist/modules/auth/auth.service.js:37:60)
    at process.processTicksAndRejections (node:internal/process/task_queues:95:5)
    at async register (/app/dist/modules/auth/auth.controller.js:10:28)
2026-06-09 13:43:20 [ERROR]: API Error: Template not found
Error: Template not found
    at ApiError.badRequest (/app/dist/common/errors/ApiError.js:18:16)
    at Object.sendTemplatedEmail (/app/dist/modules/notifications/notifications.service.js:167:39)
    at Object.register (/app/dist/modules/auth/auth.service.js:37:60)
    at process.processTicksAndRejections (node:internal/process/task_queues:95:5)
    at async register (/app/dist/modules/auth/auth.controller.js:10:28)
2026-06-09 13:53:17 [ERROR]: API Error: ACCOUNT_UNVERIFIED
Error: ACCOUNT_UNVERIFIED
    at ApiError.forbidden (/app/dist/common/errors/ApiError.js:24:16)
    at Object.login (/app/dist/modules/auth/auth.service.js:88:39)
    at process.processTicksAndRejections (node:internal/process/task_queues:95:5)
    at async login (/app/dist/modules/auth/auth.controller.js:30:28)
2026-06-09 13:57:56 [ERROR]: API Error: Invalid token
Error: Invalid token
    at ApiError.unauthorized (/app/dist/common/errors/ApiError.js:21:16)
    at authenticate (/app/dist/middlewares/auth.middleware.js:30:38)
    at Layer.handleRequest (/app/node_modules/.pnpm/router@2.2.0/node_modules/router/lib/layer.js:152:17)
    at next (/app/node_modules/.pnpm/router@2.2.0/node_modules/router/lib/route.js:157:13)
    at Route.dispatch (/app/node_modules/.pnpm/router@2.2.0/node_modules/router/lib/route.js:117:3)
    at handle (/app/node_modules/.pnpm/router@2.2.0/node_modules/router/index.js:435:11)
    at Layer.handleRequest (/app/node_modules/.pnpm/router@2.2.0/node_modules/router/lib/layer.js:152:17)
    at /app/node_modules/.pnpm/router@2.2.0/node_modules/router/index.js:295:15
    at processParams (/app/node_modules/.pnpm/router@2.2.0/node_modules/router/index.js:582:12)
    at next (/app/node_modules/.pnpm/router@2.2.0/node_modules/router/index.js:291:5)
2026-06-09 13:57:56 [ERROR]: API Error: Invalid token
Error: Invalid token
    at ApiError.unauthorized (/app/dist/common/errors/ApiError.js:21:16)
    at authenticate (/app/dist/middlewares/auth.middleware.js:30:38)
    at Layer.handleRequest (/app/node_modules/.pnpm/router@2.2.0/node_modules/router/lib/layer.js:152:17)
    at next (/app/node_modules/.pnpm/router@2.2.0/node_modules/router/lib/route.js:157:13)
    at Route.dispatch (/app/node_modules/.pnpm/router@2.2.0/node_modules/router/lib/route.js:117:3)
    at handle (/app/node_modules/.pnpm/router@2.2.0/node_modules/router/index.js:435:11)
    at Layer.handleRequest (/app/node_modules/.pnpm/router@2.2.0/node_modules/router/lib/layer.js:152:17)
    at /app/node_modules/.pnpm/router@2.2.0/node_modules/router/index.js:295:15
    at processParams (/app/node_modules/.pnpm/router@2.2.0/node_modules/router/index.js:582:12)
    at next (/app/node_modules/.pnpm/router@2.2.0/node_modules/router/index.js:291:5)
2026-06-09 13:57:56 [ERROR]: API Error: Invalid token
Error: Invalid token
    at ApiError.unauthorized (/app/dist/common/errors/ApiError.js:21:16)
    at authenticate (/app/dist/middlewares/auth.middleware.js:30:38)
    at Layer.handleRequest (/app/node_modules/.pnpm/router@2.2.0/node_modules/router/lib/layer.js:152:17)
    at next (/app/node_modules/.pnpm/router@2.2.0/node_modules/router/lib/route.js:157:13)
    at Route.dispatch (/app/node_modules/.pnpm/router@2.2.0/node_modules/router/lib/route.js:117:3)
    at handle (/app/node_modules/.pnpm/router@2.2.0/node_modules/router/index.js:435:11)
    at Layer.handleRequest (/app/node_modules/.pnpm/router@2.2.0/node_modules/router/lib/layer.js:152:17)
    at /app/node_modules/.pnpm/router@2.2.0/node_modules/router/index.js:295:15
    at processParams (/app/node_modules/.pnpm/router@2.2.0/node_modules/router/index.js:582:12)
    at next (/app/node_modules/.pnpm/router@2.2.0/node_modules/router/index.js:291:5)
2026-06-09 15:03:16 [ERROR]: API Error: Invalid email or password
Error: Invalid email or password
    at ApiError.unauthorized (/app/dist/common/errors/ApiError.js:21:16)
    at Object.login (/app/dist/modules/auth/auth.service.js:69:39)
    at process.processTicksAndRejections (node:internal/process/task_queues:95:5)
    at async login (/app/dist/modules/auth/auth.controller.js:30:28)
2026-06-09 15:03:22 [ERROR]: API Error: No token provided
Error: No token provided
    at ApiError.unauthorized (/app/dist/common/errors/ApiError.js:21:16)
    at authenticate (/app/dist/middlewares/auth.middleware.js:15:39)
    at Layer.handleRequest (/app/node_modules/.pnpm/router@2.2.0/node_modules/router/lib/layer.js:152:17)
    at next (/app/node_modules/.pnpm/router@2.2.0/node_modules/router/lib/route.js:157:13)
    at Route.dispatch (/app/node_modules/.pnpm/router@2.2.0/node_modules/router/lib/route.js:117:3)
    at handle (/app/node_modules/.pnpm/router@2.2.0/node_modules/router/index.js:435:11)
    at Layer.handleRequest (/app/node_modules/.pnpm/router@2.2.0/node_modules/router/lib/layer.js:152:17)
    at /app/node_modules/.pnpm/router@2.2.0/node_modules/router/index.js:295:15
    at processParams (/app/node_modules/.pnpm/router@2.2.0/node_modules/router/index.js:582:12)
    at next (/app/node_modules/.pnpm/router@2.2.0/node_modules/router/index.js:291:5)
2026-06-09 15:03:39 [ERROR]: API Error: "email" is not allowed to be empty
ValidationError: "email" is not allowed to be empty
    at /app/dist/middlewares/validation.middleware.js:16:19
    at Layer.handleRequest (/app/node_modules/.pnpm/router@2.2.0/node_modules/router/lib/layer.js:152:17)
    at next (/app/node_modules/.pnpm/router@2.2.0/node_modules/router/lib/route.js:157:13)
    at Route.dispatch (/app/node_modules/.pnpm/router@2.2.0/node_modules/router/lib/route.js:117:3)
    at handle (/app/node_modules/.pnpm/router@2.2.0/node_modules/router/index.js:435:11)
    at Layer.handleRequest (/app/node_modules/.pnpm/router@2.2.0/node_modules/router/lib/layer.js:152:17)
    at /app/node_modules/.pnpm/router@2.2.0/node_modules/router/index.js:295:15
    at processParams (/app/node_modules/.pnpm/router@2.2.0/node_modules/router/index.js:582:12)
    at next (/app/node_modules/.pnpm/router@2.2.0/node_modules/router/index.js:291:5)
    at /app/node_modules/.pnpm/express-rate-limit@8.3.2_express@5.2.1/node_modules/express-rate-limit/dist/index.cjs:958:7
2026-06-09 17:02:31 [ERROR]: API Error: User already exists with this email
Error: User already exists with this email
    at ApiError.conflict (/app/dist/common/errors/ApiError.js:30:16)
    at Object.register (/app/dist/modules/auth/auth.service.js:20:39)
    at process.processTicksAndRejections (node:internal/process/task_queues:95:5)
    at async register (/app/dist/modules/auth/auth.controller.js:10:28)
2026-06-09 17:06:55 [ERROR]: API Error: Candidate profile not found
Error: Candidate profile not found
    at ApiError.notFound (/app/dist/common/errors/ApiError.js:27:16)
    at Object.getByUserId (/app/dist/modules/candidates/candidates.service.js:37:39)
    at process.processTicksAndRejections (node:internal/process/task_queues:95:5)
    at async getMyProfile (/app/dist/modules/candidates/candidates.controller.js:56:29)
2026-06-09 17:06:56 [ERROR]: API Error: Candidate profile not found
Error: Candidate profile not found
    at ApiError.notFound (/app/dist/common/errors/ApiError.js:27:16)
    at Object.getByUserId (/app/dist/modules/candidates/candidates.service.js:37:39)
    at process.processTicksAndRejections (node:internal/process/task_queues:95:5)
    at async getMyProfile (/app/dist/modules/candidates/candidates.controller.js:56:29)
2026-06-09 17:11:00 [ERROR]: API Error: Invalid email or password
Error: Invalid email or password
    at ApiError.unauthorized (/app/dist/common/errors/ApiError.js:21:16)
    at Object.login (/app/dist/modules/admin/admin.service.js:80:39)
    at process.processTicksAndRejections (node:internal/process/task_queues:95:5)
    at async Object.login (/app/dist/modules/admin/admin.controller.js:40:28)
2026-06-09 17:11:02 [ERROR]: API Error: Invalid email or password
Error: Invalid email or password
    at ApiError.unauthorized (/app/dist/common/errors/ApiError.js:21:16)
    at Object.login (/app/dist/modules/admin/admin.service.js:80:39)
    at process.processTicksAndRejections (node:internal/process/task_queues:95:5)
    at async Object.login (/app/dist/modules/admin/admin.controller.js:40:28)
2026-06-09 17:11:09 [ERROR]: API Error: Invalid email or password
Error: Invalid email or password
    at ApiError.unauthorized (/app/dist/common/errors/ApiError.js:21:16)
    at Object.login (/app/dist/modules/admin/admin.service.js:80:39)
    at process.processTicksAndRejections (node:internal/process/task_queues:95:5)
    at async Object.login (/app/dist/modules/admin/admin.controller.js:40:28)
2026-06-09 17:11:09 [ERROR]: API Error: Invalid email or password
Error: Invalid email or password
    at ApiError.unauthorized (/app/dist/common/errors/ApiError.js:21:16)
    at Object.login (/app/dist/modules/admin/admin.service.js:80:39)
    at process.processTicksAndRejections (node:internal/process/task_queues:95:5)
    at async Object.login (/app/dist/modules/admin/admin.controller.js:40:28)
2026-06-09 17:11:09 [ERROR]: API Error: Invalid email or password
Error: Invalid email or password
    at ApiError.unauthorized (/app/dist/common/errors/ApiError.js:21:16)
    at Object.login (/app/dist/modules/admin/admin.service.js:80:39)
    at process.processTicksAndRejections (node:internal/process/task_queues:95:5)
    at async Object.login (/app/dist/modules/admin/admin.controller.js:40:28)
2026-06-09 17:11:09 [ERROR]: API Error: Invalid email or password
Error: Invalid email or password
    at ApiError.unauthorized (/app/dist/common/errors/ApiError.js:21:16)
    at Object.login (/app/dist/modules/admin/admin.service.js:80:39)
    at process.processTicksAndRejections (node:internal/process/task_queues:95:5)
    at async Object.login (/app/dist/modules/admin/admin.controller.js:40:28)
2026-06-09 17:11:10 [ERROR]: API Error: Invalid email or password
Error: Invalid email or password
    at ApiError.unauthorized (/app/dist/common/errors/ApiError.js:21:16)
    at Object.login (/app/dist/modules/admin/admin.service.js:80:39)
    at process.processTicksAndRejections (node:internal/process/task_queues:95:5)
    at async Object.login (/app/dist/modules/admin/admin.controller.js:40:28)
2026-06-09 17:11:10 [ERROR]: API Error: Invalid email or password
Error: Invalid email or password
    at ApiError.unauthorized (/app/dist/common/errors/ApiError.js:21:16)
    at Object.login (/app/dist/modules/admin/admin.service.js:80:39)
    at process.processTicksAndRejections (node:internal/process/task_queues:95:5)
    at async Object.login (/app/dist/modules/admin/admin.controller.js:40:28)
2026-06-09 17:11:13 [ERROR]: API Error: Invalid email or password
Error: Invalid email or password
    at ApiError.unauthorized (/app/dist/common/errors/ApiError.js:21:16)
    at Object.login (/app/dist/modules/admin/admin.service.js:80:39)
    at process.processTicksAndRejections (node:internal/process/task_queues:95:5)
    at async Object.login (/app/dist/modules/admin/admin.controller.js:40:28)
2026-06-09 17:11:13 [ERROR]: API Error: Invalid email or password
Error: Invalid email or password
    at ApiError.unauthorized (/app/dist/common/errors/ApiError.js:21:16)
    at Object.login (/app/dist/modules/admin/admin.service.js:80:39)
    at process.processTicksAndRejections (node:internal/process/task_queues:95:5)
    at async Object.login (/app/dist/modules/admin/admin.controller.js:40:28)
2026-06-09 17:11:13 [ERROR]: API Error: Invalid email or password
Error: Invalid email or password
    at ApiError.unauthorized (/app/dist/common/errors/ApiError.js:21:16)
    at Object.login (/app/dist/modules/admin/admin.service.js:80:39)
    at process.processTicksAndRejections (node:internal/process/task_queues:95:5)
    at async Object.login (/app/dist/modules/admin/admin.controller.js:40:28)
2026-06-09 17:11:14 [ERROR]: API Error: Invalid email or password
Error: Invalid email or password
    at ApiError.unauthorized (/app/dist/common/errors/ApiError.js:21:16)
    at Object.login (/app/dist/modules/admin/admin.service.js:80:39)
    at process.processTicksAndRejections (node:internal/process/task_queues:95:5)
    at async Object.login (/app/dist/modules/admin/admin.controller.js:40:28)
2026-06-09 17:11:14 [ERROR]: API Error: Invalid email or password
Error: Invalid email or password
    at ApiError.unauthorized (/app/dist/common/errors/ApiError.js:21:16)
    at Object.login (/app/dist/modules/admin/admin.service.js:80:39)
    at process.processTicksAndRejections (node:internal/process/task_queues:95:5)
    at async Object.login (/app/dist/modules/admin/admin.controller.js:40:28)
2026-06-09 17:11:14 [ERROR]: API Error: Invalid email or password
Error: Invalid email or password
    at ApiError.unauthorized (/app/dist/common/errors/ApiError.js:21:16)
    at Object.login (/app/dist/modules/admin/admin.service.js:80:39)
    at process.processTicksAndRejections (node:internal/process/task_queues:95:5)
    at async Object.login (/app/dist/modules/admin/admin.controller.js:40:28)
2026-06-09 17:11:14 [ERROR]: API Error: Invalid email or password
Error: Invalid email or password
    at ApiError.unauthorized (/app/dist/common/errors/ApiError.js:21:16)
    at Object.login (/app/dist/modules/admin/admin.service.js:80:39)
    at process.processTicksAndRejections (node:internal/process/task_queues:95:5)
    at async Object.login (/app/dist/modules/admin/admin.controller.js:40:28)
2026-06-09 17:11:27 [ERROR]: API Error: Invalid email or password
Error: Invalid email or password
    at ApiError.unauthorized (/app/dist/common/errors/ApiError.js:21:16)
    at Object.login (/app/dist/modules/admin/admin.service.js:80:39)
    at process.processTicksAndRejections (node:internal/process/task_queues:95:5)
    at async Object.login (/app/dist/modules/admin/admin.controller.js:40:28)
2026-06-09 17:11:28 [ERROR]: API Error: Invalid email or password
Error: Invalid email or password
    at ApiError.unauthorized (/app/dist/common/errors/ApiError.js:21:16)
    at Object.login (/app/dist/modules/admin/admin.service.js:80:39)
    at process.processTicksAndRejections (node:internal/process/task_queues:95:5)
    at async Object.login (/app/dist/modules/admin/admin.controller.js:40:28)
2026-06-09 17:11:28 [ERROR]: API Error: Invalid email or password
Error: Invalid email or password
    at ApiError.unauthorized (/app/dist/common/errors/ApiError.js:21:16)
    at Object.login (/app/dist/modules/admin/admin.service.js:80:39)
    at process.processTicksAndRejections (node:internal/process/task_queues:95:5)
    at async Object.login (/app/dist/modules/admin/admin.controller.js:40:28)
2026-06-09 17:12:03 [ERROR]: API Error: Invalid email or password
Error: Invalid email or password
    at ApiError.unauthorized (/app/dist/common/errors/ApiError.js:21:16)
    at Object.login (/app/dist/modules/admin/admin.service.js:80:39)
    at process.processTicksAndRejections (node:internal/process/task_queues:95:5)
    at async Object.login (/app/dist/modules/admin/admin.controller.js:40:28)
2026-06-09 17:12:04 [ERROR]: API Error: Invalid email or password
Error: Invalid email or password
    at ApiError.unauthorized (/app/dist/common/errors/ApiError.js:21:16)
    at Object.login (/app/dist/modules/admin/admin.service.js:80:39)
    at process.processTicksAndRejections (node:internal/process/task_queues:95:5)
    at async Object.login (/app/dist/modules/admin/admin.controller.js:40:28)
2026-06-09 17:12:04 [ERROR]: API Error: Invalid email or password
Error: Invalid email or password
    at ApiError.unauthorized (/app/dist/common/errors/ApiError.js:21:16)
    at Object.login (/app/dist/modules/admin/admin.service.js:80:39)
    at process.processTicksAndRejections (node:internal/process/task_queues:95:5)
    at async Object.login (/app/dist/modules/admin/admin.controller.js:40:28)
2026-06-09 17:12:04 [ERROR]: API Error: Invalid email or password
Error: Invalid email or password
    at ApiError.unauthorized (/app/dist/common/errors/ApiError.js:21:16)
    at Object.login (/app/dist/modules/admin/admin.service.js:80:39)
    at process.processTicksAndRejections (node:internal/process/task_queues:95:5)
    at async Object.login (/app/dist/modules/admin/admin.controller.js:40:28)
2026-06-09 17:12:04 [ERROR]: API Error: Invalid email or password
Error: Invalid email or password
    at ApiError.unauthorized (/app/dist/common/errors/ApiError.js:21:16)
    at Object.login (/app/dist/modules/admin/admin.service.js:80:39)
    at process.processTicksAndRejections (node:internal/process/task_queues:95:5)
    at async Object.login (/app/dist/modules/admin/admin.controller.js:40:28)
2026-06-09 17:12:05 [ERROR]: API Error: Invalid email or password
Error: Invalid email or password
    at ApiError.unauthorized (/app/dist/common/errors/ApiError.js:21:16)
    at Object.login (/app/dist/modules/admin/admin.service.js:80:39)
    at process.processTicksAndRejections (node:internal/process/task_queues:95:5)
    at async Object.login (/app/dist/modules/admin/admin.controller.js:40:28)
2026-06-09 17:12:05 [ERROR]: API Error: Invalid email or password
Error: Invalid email or password
    at ApiError.unauthorized (/app/dist/common/errors/ApiError.js:21:16)
    at Object.login (/app/dist/modules/admin/admin.service.js:80:39)
    at process.processTicksAndRejections (node:internal/process/task_queues:95:5)
    at async Object.login (/app/dist/modules/admin/admin.controller.js:40:28)
2026-06-09 17:12:06 [ERROR]: API Error: Invalid email or password
Error: Invalid email or password
    at ApiError.unauthorized (/app/dist/common/errors/ApiError.js:21:16)
    at Object.login (/app/dist/modules/admin/admin.service.js:80:39)
    at process.processTicksAndRejections (node:internal/process/task_queues:95:5)
    at async Object.login (/app/dist/modules/admin/admin.controller.js:40:28)
2026-06-09 17:12:06 [ERROR]: API Error: Invalid email or password
Error: Invalid email or password
    at ApiError.unauthorized (/app/dist/common/errors/ApiError.js:21:16)
    at Object.login (/app/dist/modules/admin/admin.service.js:80:39)
    at process.processTicksAndRejections (node:internal/process/task_queues:95:5)
    at async Object.login (/app/dist/modules/admin/admin.controller.js:40:28)
2026-06-09 17:12:06 [ERROR]: API Error: Invalid email or password
Error: Invalid email or password
    at ApiError.unauthorized (/app/dist/common/errors/ApiError.js:21:16)
    at Object.login (/app/dist/modules/admin/admin.service.js:80:39)
    at process.processTicksAndRejections (node:internal/process/task_queues:95:5)
    at async Object.login (/app/dist/modules/admin/admin.controller.js:40:28)
2026-06-09 17:12:06 [ERROR]: API Error: Invalid email or password
Error: Invalid email or password
    at ApiError.unauthorized (/app/dist/common/errors/ApiError.js:21:16)
    at Object.login (/app/dist/modules/admin/admin.service.js:80:39)
    at process.processTicksAndRejections (node:internal/process/task_queues:95:5)
    at async Object.login (/app/dist/modules/admin/admin.controller.js:40:28)
2026-06-09 17:12:07 [ERROR]: API Error: Invalid email or password
Error: Invalid email or password
    at ApiError.unauthorized (/app/dist/common/errors/ApiError.js:21:16)
    at Object.login (/app/dist/modules/admin/admin.service.js:80:39)
    at process.processTicksAndRejections (node:internal/process/task_queues:95:5)
    at async Object.login (/app/dist/modules/admin/admin.controller.js:40:28)
2026-06-09 17:12:07 [ERROR]: API Error: Invalid email or password
Error: Invalid email or password
    at ApiError.unauthorized (/app/dist/common/errors/ApiError.js:21:16)
    at Object.login (/app/dist/modules/admin/admin.service.js:80:39)
    at process.processTicksAndRejections (node:internal/process/task_queues:95:5)
    at async Object.login (/app/dist/modules/admin/admin.controller.js:40:28)
2026-06-09 17:12:09 [ERROR]: API Error: Invalid email or password
Error: Invalid email or password
    at ApiError.unauthorized (/app/dist/common/errors/ApiError.js:21:16)
    at Object.login (/app/dist/modules/admin/admin.service.js:80:39)
    at process.processTicksAndRejections (node:internal/process/task_queues:95:5)
    at async Object.login (/app/dist/modules/admin/admin.controller.js:40:28)
2026-06-09 17:12:09 [ERROR]: API Error: Invalid email or password
Error: Invalid email or password
    at ApiError.unauthorized (/app/dist/common/errors/ApiError.js:21:16)
    at Object.login (/app/dist/modules/admin/admin.service.js:80:39)
    at process.processTicksAndRejections (node:internal/process/task_queues:95:5)
    at async Object.login (/app/dist/modules/admin/admin.controller.js:40:28)
2026-06-09 17:12:10 [ERROR]: API Error: Invalid email or password
Error: Invalid email or password
    at ApiError.unauthorized (/app/dist/common/errors/ApiError.js:21:16)
    at Object.login (/app/dist/modules/admin/admin.service.js:80:39)
    at process.processTicksAndRejections (node:internal/process/task_queues:95:5)
    at async Object.login (/app/dist/modules/admin/admin.controller.js:40:28)
2026-06-10 13:24:26 [ERROR]: API Error: Candidate profile not found
Error: Candidate profile not found
    at ApiError.notFound (/app/dist/common/errors/ApiError.js:27:16)
    at Object.getByUserId (/app/dist/modules/candidates/candidates.service.js:37:39)
    at process.processTicksAndRejections (node:internal/process/task_queues:95:5)
    at async getMyProfile (/app/dist/modules/candidates/candidates.controller.js:56:29)
2026-06-10 13:24:27 [ERROR]: API Error: Candidate profile not found
Error: Candidate profile not found
    at ApiError.notFound (/app/dist/common/errors/ApiError.js:27:16)
    at Object.getByUserId (/app/dist/modules/candidates/candidates.service.js:37:39)
    at process.processTicksAndRejections (node:internal/process/task_queues:95:5)
    at async getMyProfile (/app/dist/modules/candidates/candidates.controller.js:56:29)
2026-06-10 13:24:35 [ERROR]: API Error: Candidate profile not found
Error: Candidate profile not found
    at ApiError.notFound (/app/dist/common/errors/ApiError.js:27:16)
    at Object.getByUserId (/app/dist/modules/candidates/candidates.service.js:37:39)
    at process.processTicksAndRejections (node:internal/process/task_queues:95:5)
    at async getMyProfile (/app/dist/modules/candidates/candidates.controller.js:56:29)
2026-06-10 13:24:36 [ERROR]: API Error: Candidate profile not found
Error: Candidate profile not found
    at ApiError.notFound (/app/dist/common/errors/ApiError.js:27:16)
    at Object.getByUserId (/app/dist/modules/candidates/candidates.service.js:37:39)
    at process.processTicksAndRejections (node:internal/process/task_queues:95:5)
    at async getMyProfile (/app/dist/modules/candidates/candidates.controller.js:56:29)
2026-06-10 13:29:07 [ERROR]: API Error: Application not found
Error: Application not found
    at ApiError.notFound (/app/dist/common/errors/ApiError.js:27:16)
    at Object.getById (/app/dist/modules/applications/applications.service.js:23:39)
    at process.processTicksAndRejections (node:internal/process/task_queues:95:5)
    at async getById (/app/dist/modules/applications/applications.controller.js:50:33)
2026-06-10 13:29:08 [ERROR]: API Error: Application not found
Error: Application not found
    at ApiError.notFound (/app/dist/common/errors/ApiError.js:27:16)
    at Object.getById (/app/dist/modules/applications/applications.service.js:23:39)
    at process.processTicksAndRejections (node:internal/process/task_queues:95:5)
    at async getById (/app/dist/modules/applications/applications.controller.js:50:33)
2026-06-10 14:35:08 [ERROR]: API Error: Invalid email or password
Error: Invalid email or password
    at ApiError.unauthorized (/app/dist/common/errors/ApiError.js:21:16)
    at Object.login (/app/dist/modules/auth/auth.service.js:69:39)
    at process.processTicksAndRejections (node:internal/process/task_queues:95:5)
    at async login (/app/dist/modules/auth/auth.controller.js:30:28)
2026-06-10 14:35:20 [ERROR]: API Error: Invalid email or password
Error: Invalid email or password
    at ApiError.unauthorized (/app/dist/common/errors/ApiError.js:21:16)
    at Object.login (/app/dist/modules/auth/auth.service.js:69:39)
    at process.processTicksAndRejections (node:internal/process/task_queues:95:5)
    at async login (/app/dist/modules/auth/auth.controller.js:30:28)
2026-06-10 14:37:50 [ERROR]: API Error: Candidate profile not found
Error: Candidate profile not found
    at ApiError.notFound (/app/dist/common/errors/ApiError.js:27:16)
    at Object.getByUserId (/app/dist/modules/candidates/candidates.service.js:37:39)
    at process.processTicksAndRejections (node:internal/process/task_queues:95:5)
    at async getMyProfile (/app/dist/modules/candidates/candidates.controller.js:56:29)
2026-06-10 14:37:51 [ERROR]: API Error: Candidate profile not found
Error: Candidate profile not found
    at ApiError.notFound (/app/dist/common/errors/ApiError.js:27:16)
    at Object.getByUserId (/app/dist/modules/candidates/candidates.service.js:37:39)
    at process.processTicksAndRejections (node:internal/process/task_queues:95:5)
    at async getMyProfile (/app/dist/modules/candidates/candidates.controller.js:56:29)
2026-06-10 14:37:55 [ERROR]: API Error: Candidate profile not found
Error: Candidate profile not found
    at ApiError.notFound (/app/dist/common/errors/ApiError.js:27:16)
    at Object.getByUserId (/app/dist/modules/candidates/candidates.service.js:37:39)
    at process.processTicksAndRejections (node:internal/process/task_queues:95:5)
    at async getMyProfile (/app/dist/modules/candidates/candidates.controller.js:56:29)
2026-06-10 14:37:56 [ERROR]: API Error: Candidate profile not found
Error: Candidate profile not found
    at ApiError.notFound (/app/dist/common/errors/ApiError.js:27:16)
    at Object.getByUserId (/app/dist/modules/candidates/candidates.service.js:37:39)
    at process.processTicksAndRejections (node:internal/process/task_queues:95:5)
    at async getMyProfile (/app/dist/modules/candidates/candidates.controller.js:56:29)
2026-06-10 15:06:08 [ERROR]: API Error: Candidate profile not found
Error: Candidate profile not found
    at ApiError.notFound (/app/dist/common/errors/ApiError.js:27:16)
    at Object.getByUserId (/app/dist/modules/candidates/candidates.service.js:37:39)
    at process.processTicksAndRejections (node:internal/process/task_queues:95:5)
    at async getMyProfile (/app/dist/modules/candidates/candidates.controller.js:56:29)
2026-06-10 15:06:10 [ERROR]: API Error: Candidate profile not found
Error: Candidate profile not found
    at ApiError.notFound (/app/dist/common/errors/ApiError.js:27:16)
    at Object.getByUserId (/app/dist/modules/candidates/candidates.service.js:37:39)
    at process.processTicksAndRejections (node:internal/process/task_queues:95:5)
    at async getMyProfile (/app/dist/modules/candidates/candidates.controller.js:56:29)
2026-06-10 15:06:14 [ERROR]: API Error: Candidate profile not found
Error: Candidate profile not found
    at ApiError.notFound (/app/dist/common/errors/ApiError.js:27:16)
    at Object.getByUserId (/app/dist/modules/candidates/candidates.service.js:37:39)
    at process.processTicksAndRejections (node:internal/process/task_queues:95:5)
    at async getMyProfile (/app/dist/modules/candidates/candidates.controller.js:56:29)
2026-06-10 15:06:15 [ERROR]: API Error: Candidate profile not found
Error: Candidate profile not found
    at ApiError.notFound (/app/dist/common/errors/ApiError.js:27:16)
    at Object.getByUserId (/app/dist/modules/candidates/candidates.service.js:37:39)
    at process.processTicksAndRejections (node:internal/process/task_queues:95:5)
    at async getMyProfile (/app/dist/modules/candidates/candidates.controller.js:56:29)
2026-06-10 15:06:19 [ERROR]: API Error: Candidate profile not found
Error: Candidate profile not found
    at ApiError.notFound (/app/dist/common/errors/ApiError.js:27:16)
    at Object.getByUserId (/app/dist/modules/candidates/candidates.service.js:37:39)
    at process.processTicksAndRejections (node:internal/process/task_queues:95:5)
    at async getMyProfile (/app/dist/modules/candidates/candidates.controller.js:56:29)
2026-06-10 15:06:20 [ERROR]: API Error: Candidate profile not found
Error: Candidate profile not found
    at ApiError.notFound (/app/dist/common/errors/ApiError.js:27:16)
    at Object.getByUserId (/app/dist/modules/candidates/candidates.service.js:37:39)
    at process.processTicksAndRejections (node:internal/process/task_queues:95:5)
    at async getMyProfile (/app/dist/modules/candidates/candidates.controller.js:56:29)
2026-06-10 15:53:18 [ERROR]: API Error: Candidate profile not found
Error: Candidate profile not found
    at ApiError.notFound (/app/dist/common/errors/ApiError.js:27:16)
    at Object.getByUserId (/app/dist/modules/candidates/candidates.service.js:37:39)
    at process.processTicksAndRejections (node:internal/process/task_queues:95:5)
    at async getMyProfile (/app/dist/modules/candidates/candidates.controller.js:56:29)
2026-06-10 15:55:15 [ERROR]: API Error: Candidate profile not found
Error: Candidate profile not found
    at ApiError.notFound (/app/dist/common/errors/ApiError.js:27:16)
    at Object.getByUserId (/app/dist/modules/candidates/candidates.service.js:37:39)
    at process.processTicksAndRejections (node:internal/process/task_queues:95:5)
    at async getMyProfile (/app/dist/modules/candidates/candidates.controller.js:56:29)
2026-06-11 00:15:51 [ERROR]: API Error: Candidate profile not found
Error: Candidate profile not found
    at ApiError.notFound (/app/dist/common/errors/ApiError.js:27:16)
    at Object.getByUserId (/app/dist/modules/candidates/candidates.service.js:37:39)
    at process.processTicksAndRejections (node:internal/process/task_queues:95:5)
    at async getMyProfile (/app/dist/modules/candidates/candidates.controller.js:56:29)
2026-06-11 00:15:53 [ERROR]: API Error: Candidate profile not found
Error: Candidate profile not found
    at ApiError.notFound (/app/dist/common/errors/ApiError.js:27:16)
    at Object.getByUserId (/app/dist/modules/candidates/candidates.service.js:37:39)
    at process.processTicksAndRejections (node:internal/process/task_queues:95:5)
    at async getMyProfile (/app/dist/modules/candidates/candidates.controller.js:56:29)
2026-06-11 13:45:17 [ERROR]: API Error: "dateOfBirth" must be in ISO 8601 date format
ValidationError: "dateOfBirth" must be in ISO 8601 date format
    at /app/dist/middlewares/validation.middleware.js:16:19
    at Layer.handleRequest (/app/node_modules/.pnpm/router@2.2.0/node_modules/router/lib/layer.js:152:17)
    at next (/app/node_modules/.pnpm/router@2.2.0/node_modules/router/lib/route.js:157:13)
    at authenticate (/app/dist/middlewares/auth.middleware.js:26:9)
    at process.processTicksAndRejections (node:internal/process/task_queues:95:5)
2026-06-11 13:46:10 [ERROR]: API Error: Candidate profile not found
Error: Candidate profile not found
    at ApiError.notFound (/app/dist/common/errors/ApiError.js:27:16)
    at Object.getByUserId (/app/dist/modules/candidates/candidates.service.js:37:39)
    at process.processTicksAndRejections (node:internal/process/task_queues:95:5)
    at async getMyProfile (/app/dist/modules/candidates/candidates.controller.js:56:29)
2026-06-11 13:46:12 [ERROR]: API Error: Candidate profile not found
Error: Candidate profile not found
    at ApiError.notFound (/app/dist/common/errors/ApiError.js:27:16)
    at Object.getByUserId (/app/dist/modules/candidates/candidates.service.js:37:39)
    at process.processTicksAndRejections (node:internal/process/task_queues:95:5)
    at async getMyProfile (/app/dist/modules/candidates/candidates.controller.js:56:29)
2026-06-13 13:56:51 [ERROR]: API Error: Invalid email or password
Error: Invalid email or password
    at ApiError.unauthorized (/app/dist/common/errors/ApiError.js:21:16)
    at Object.login (/app/dist/modules/admin/admin.service.js:80:39)
    at process.processTicksAndRejections (node:internal/process/task_queues:95:5)
    at async Object.login (/app/dist/modules/admin/admin.controller.js:40:28)
2026-06-13 13:56:55 [ERROR]: API Error: Invalid email or password
Error: Invalid email or password
    at ApiError.unauthorized (/app/dist/common/errors/ApiError.js:21:16)
    at Object.login (/app/dist/modules/admin/admin.service.js:80:39)
    at process.processTicksAndRejections (node:internal/process/task_queues:95:5)
    at async Object.login (/app/dist/modules/admin/admin.controller.js:40:28)
2026-06-13 13:56:56 [ERROR]: API Error: Invalid email or password
Error: Invalid email or password
    at ApiError.unauthorized (/app/dist/common/errors/ApiError.js:21:16)
    at Object.login (/app/dist/modules/admin/admin.service.js:80:39)
    at process.processTicksAndRejections (node:internal/process/task_queues:95:5)
    at async Object.login (/app/dist/modules/admin/admin.controller.js:40:28)
2026-06-13 13:56:56 [ERROR]: API Error: Invalid email or password
Error: Invalid email or password
    at ApiError.unauthorized (/app/dist/common/errors/ApiError.js:21:16)
    at Object.login (/app/dist/modules/admin/admin.service.js:80:39)
    at process.processTicksAndRejections (node:internal/process/task_queues:95:5)
    at async Object.login (/app/dist/modules/admin/admin.controller.js:40:28)
2026-06-13 13:56:56 [ERROR]: API Error: Invalid email or password
Error: Invalid email or password
    at ApiError.unauthorized (/app/dist/common/errors/ApiError.js:21:16)
    at Object.login (/app/dist/modules/admin/admin.service.js:80:39)
    at process.processTicksAndRejections (node:internal/process/task_queues:95:5)
    at async Object.login (/app/dist/modules/admin/admin.controller.js:40:28)
2026-06-13 13:56:56 [ERROR]: API Error: Invalid email or password
Error: Invalid email or password
    at ApiError.unauthorized (/app/dist/common/errors/ApiError.js:21:16)
    at Object.login (/app/dist/modules/admin/admin.service.js:80:39)
    at process.processTicksAndRejections (node:internal/process/task_queues:95:5)
    at async Object.login (/app/dist/modules/admin/admin.controller.js:40:28)
2026-06-13 13:56:59 [ERROR]: API Error: Invalid email or password
Error: Invalid email or password
    at ApiError.unauthorized (/app/dist/common/errors/ApiError.js:21:16)
    at Object.login (/app/dist/modules/admin/admin.service.js:80:39)
    at process.processTicksAndRejections (node:internal/process/task_queues:95:5)
    at async Object.login (/app/dist/modules/admin/admin.controller.js:40:28)
2026-06-13 13:56:59 [ERROR]: API Error: Invalid email or password
Error: Invalid email or password
    at ApiError.unauthorized (/app/dist/common/errors/ApiError.js:21:16)
    at Object.login (/app/dist/modules/admin/admin.service.js:80:39)
    at process.processTicksAndRejections (node:internal/process/task_queues:95:5)
    at async Object.login (/app/dist/modules/admin/admin.controller.js:40:28)
